{"/Users/danicastro/SCL018-burger-queen/src/App.js": {"path":"/Users/danicastro/SCL018-burger-queen/src/App.js","statementMap":{"0":{"start":{"line":20,"column":2},"end":{"line":80,"column":4}}},"fnMap":{"0":{"name":"App","decl":{"start":{"line":19,"column":9},"end":{"line":19,"column":12}},"loc":{"start":{"line":19,"column":15},"end":{"line":81,"column":1}},"line":19}},"branchMap":{},"s":{"0":0},"f":{"0":0},"b":{}}
,"/Users/danicastro/SCL018-burger-queen/src/components/Bienvenida.jsx": {"path":"/Users/danicastro/SCL018-burger-queen/src/components/Bienvenida.jsx","statementMap":{"0":{"start":{"line":5,"column":19},"end":{"line":17,"column":1}},"1":{"start":{"line":6,"column":2},"end":{"line":16,"column":3}}},"fnMap":{"0":{"name":"(anonymous_0)","decl":{"start":{"line":5,"column":19},"end":{"line":5,"column":20}},"loc":{"start":{"line":5,"column":25},"end":{"line":17,"column":1}},"line":5}},"branchMap":{},"s":{"0":0,"1":0},"f":{"0":0},"b":{}}
,"/Users/danicastro/SCL018-burger-queen/src/components/Chronometer.jsx": {"path":"/Users/danicastro/SCL018-burger-queen/src/components/Chronometer.jsx","statementMap":{"0":{"start":{"line":6,"column":20},"end":{"line":50,"column":1}},"1":{"start":{"line":7,"column":20},"end":{"line":7,"column":49}},"2":{"start":{"line":8,"column":2},"end":{"line":49,"column":4}}},"fnMap":{"0":{"name":"(anonymous_0)","decl":{"start":{"line":6,"column":20},"end":{"line":6,"column":21}},"loc":{"start":{"line":6,"column":26},"end":{"line":50,"column":1}},"line":6}},"branchMap":{"0":{"loc":{"start":{"line":16,"column":40},"end":{"line":16,"column":78}},"type":"cond-expr","locations":[{"start":{"line":16,"column":57},"end":{"line":16,"column":63}},{"start":{"line":16,"column":66},"end":{"line":16,"column":78}}],"line":16},"1":{"loc":{"start":{"line":24,"column":40},"end":{"line":24,"column":78}},"type":"cond-expr","locations":[{"start":{"line":24,"column":57},"end":{"line":24,"column":63}},{"start":{"line":24,"column":66},"end":{"line":24,"column":78}}],"line":24},"2":{"loc":{"start":{"line":32,"column":40},"end":{"line":32,"column":78}},"type":"cond-expr","locations":[{"start":{"line":32,"column":57},"end":{"line":32,"column":63}},{"start":{"line":32,"column":66},"end":{"line":32,"column":78}}],"line":32},"3":{"loc":{"start":{"line":40,"column":40},"end":{"line":40,"column":78}},"type":"cond-expr","locations":[{"start":{"line":40,"column":57},"end":{"line":40,"column":63}},{"start":{"line":40,"column":66},"end":{"line":40,"column":78}}],"line":40}},"s":{"0":0,"1":0,"2":0},"f":{"0":0},"b":{"0":[0,0],"1":[0,0],"2":[0,0],"3":[0,0]}}
,"/Users/danicastro/SCL018-burger-queen/src/components/Detalle.jsx": {"path":"/Users/danicastro/SCL018-burger-queen/src/components/Detalle.jsx","statementMap":{"0":{"start":{"line":6,"column":16},"end":{"line":87,"column":1}},"1":{"start":{"line":17,"column":6},"end":{"line":17,"column":35}},"2":{"start":{"line":19,"column":2},"end":{"line":86,"column":4}},"3":{"start":{"line":39,"column":12},"end":{"line":64,"column":18}},"4":{"start":{"line":47,"column":33},"end":{"line":47,"column":45}},"5":{"start":{"line":53,"column":33},"end":{"line":53,"column":46}},"6":{"start":{"line":60,"column":31},"end":{"line":60,"column":45}}},"fnMap":{"0":{"name":"(anonymous_0)","decl":{"start":{"line":6,"column":16},"end":{"line":6,"column":17}},"loc":{"start":{"line":6,"column":22},"end":{"line":87,"column":1}},"line":6},"1":{"name":"(anonymous_1)","decl":{"start":{"line":38,"column":22},"end":{"line":38,"column":23}},"loc":{"start":{"line":39,"column":12},"end":{"line":64,"column":18}},"line":39},"2":{"name":"(anonymous_2)","decl":{"start":{"line":47,"column":27},"end":{"line":47,"column":28}},"loc":{"start":{"line":47,"column":33},"end":{"line":47,"column":45}},"line":47},"3":{"name":"(anonymous_3)","decl":{"start":{"line":53,"column":27},"end":{"line":53,"column":28}},"loc":{"start":{"line":53,"column":33},"end":{"line":53,"column":46}},"line":53},"4":{"name":"(anonymous_4)","decl":{"start":{"line":60,"column":25},"end":{"line":60,"column":26}},"loc":{"start":{"line":60,"column":31},"end":{"line":60,"column":45}},"line":60}},"branchMap":{"0":{"loc":{"start":{"line":82,"column":7},"end":{"line":84,"column":14}},"type":"cond-expr","locations":[{"start":{"line":83,"column":8},"end":{"line":83,"column":80}},{"start":{"line":84,"column":10},"end":{"line":84,"column":14}}],"line":82}},"s":{"0":0,"1":0,"2":0,"3":0,"4":0,"5":0,"6":0},"f":{"0":0,"1":0,"2":0,"3":0,"4":0},"b":{"0":[0,0]}}
,"/Users/danicastro/SCL018-burger-queen/src/components/Extras.jsx": {"path":"/Users/danicastro/SCL018-burger-queen/src/components/Extras.jsx","statementMap":{"0":{"start":{"line":5,"column":15},"end":{"line":83,"column":1}},"1":{"start":{"line":6,"column":15},"end":{"line":6,"column":28}},"2":{"start":{"line":7,"column":26},"end":{"line":7,"column":44}},"3":{"start":{"line":8,"column":28},"end":{"line":8,"column":57}},"4":{"start":{"line":10,"column":2},"end":{"line":12,"column":9}},"5":{"start":{"line":11,"column":4},"end":{"line":11,"column":18}},"6":{"start":{"line":14,"column":2},"end":{"line":82,"column":4}},"7":{"start":{"line":19,"column":28},"end":{"line":19,"column":49}},"8":{"start":{"line":20,"column":31},"end":{"line":20,"column":60}},"9":{"start":{"line":22,"column":12},"end":{"line":45,"column":18}},"10":{"start":{"line":25,"column":18},"end":{"line":25,"column":38}},"11":{"start":{"line":52,"column":28},"end":{"line":52,"column":49}},"12":{"start":{"line":53,"column":31},"end":{"line":53,"column":63}},"13":{"start":{"line":55,"column":12},"end":{"line":78,"column":18}},"14":{"start":{"line":58,"column":18},"end":{"line":58,"column":38}}},"fnMap":{"0":{"name":"(anonymous_0)","decl":{"start":{"line":5,"column":15},"end":{"line":5,"column":16}},"loc":{"start":{"line":5,"column":21},"end":{"line":83,"column":1}},"line":5},"1":{"name":"(anonymous_1)","decl":{"start":{"line":10,"column":18},"end":{"line":10,"column":19}},"loc":{"start":{"line":10,"column":24},"end":{"line":12,"column":3}},"line":10},"2":{"name":"(anonymous_2)","decl":{"start":{"line":19,"column":18},"end":{"line":19,"column":19}},"loc":{"start":{"line":19,"column":28},"end":{"line":19,"column":49}},"line":19},"3":{"name":"(anonymous_3)","decl":{"start":{"line":20,"column":18},"end":{"line":20,"column":19}},"loc":{"start":{"line":20,"column":31},"end":{"line":20,"column":60}},"line":20},"4":{"name":"(anonymous_4)","decl":{"start":{"line":21,"column":15},"end":{"line":21,"column":16}},"loc":{"start":{"line":22,"column":12},"end":{"line":45,"column":18}},"line":22},"5":{"name":"(anonymous_5)","decl":{"start":{"line":24,"column":25},"end":{"line":24,"column":26}},"loc":{"start":{"line":24,"column":31},"end":{"line":26,"column":17}},"line":24},"6":{"name":"(anonymous_6)","decl":{"start":{"line":52,"column":18},"end":{"line":52,"column":19}},"loc":{"start":{"line":52,"column":28},"end":{"line":52,"column":49}},"line":52},"7":{"name":"(anonymous_7)","decl":{"start":{"line":53,"column":18},"end":{"line":53,"column":19}},"loc":{"start":{"line":53,"column":31},"end":{"line":53,"column":63}},"line":53},"8":{"name":"(anonymous_8)","decl":{"start":{"line":54,"column":15},"end":{"line":54,"column":16}},"loc":{"start":{"line":55,"column":12},"end":{"line":78,"column":18}},"line":55},"9":{"name":"(anonymous_9)","decl":{"start":{"line":57,"column":25},"end":{"line":57,"column":26}},"loc":{"start":{"line":57,"column":31},"end":{"line":59,"column":17}},"line":57}},"branchMap":{},"s":{"0":0,"1":0,"2":0,"3":0,"4":0,"5":0,"6":0,"7":0,"8":0,"9":0,"10":0,"11":0,"12":0,"13":0,"14":0},"f":{"0":0,"1":0,"2":0,"3":0,"4":0,"5":0,"6":0,"7":0,"8":0,"9":0},"b":{}}
,"/Users/danicastro/SCL018-burger-queen/src/components/Login.jsx": {"path":"/Users/danicastro/SCL018-burger-queen/src/components/Login.jsx","statementMap":{"0":{"start":{"line":4,"column":14},"end":{"line":61,"column":1}},"1":{"start":{"line":5,"column":2},"end":{"line":60,"column":4}}},"fnMap":{"0":{"name":"(anonymous_0)","decl":{"start":{"line":4,"column":14},"end":{"line":4,"column":15}},"loc":{"start":{"line":4,"column":20},"end":{"line":61,"column":1}},"line":4}},"branchMap":{},"s":{"0":0,"1":0},"f":{"0":0},"b":{}}
,"/Users/danicastro/SCL018-burger-queen/src/components/MenuTarde.jsx": {"path":"/Users/danicastro/SCL018-burger-queen/src/components/MenuTarde.jsx","statementMap":{"0":{"start":{"line":6,"column":18},"end":{"line":131,"column":1}},"1":{"start":{"line":7,"column":15},"end":{"line":7,"column":28}},"2":{"start":{"line":8,"column":26},"end":{"line":8,"column":44}},"3":{"start":{"line":9,"column":28},"end":{"line":9,"column":57}},"4":{"start":{"line":10,"column":38},"end":{"line":10,"column":61}},"5":{"start":{"line":12,"column":22},"end":{"line":14,"column":3}},"6":{"start":{"line":13,"column":4},"end":{"line":13,"column":24}},"7":{"start":{"line":16,"column":2},"end":{"line":18,"column":9}},"8":{"start":{"line":17,"column":4},"end":{"line":17,"column":18}},"9":{"start":{"line":22,"column":2},"end":{"line":130,"column":4}},"10":{"start":{"line":27,"column":28},"end":{"line":27,"column":49}},"11":{"start":{"line":28,"column":25},"end":{"line":28,"column":55}},"12":{"start":{"line":30,"column":12},"end":{"line":54,"column":18}},"13":{"start":{"line":33,"column":18},"end":{"line":33,"column":38}},"14":{"start":{"line":34,"column":18},"end":{"line":34,"column":35}},"15":{"start":{"line":62,"column":28},"end":{"line":62,"column":49}},"16":{"start":{"line":63,"column":25},"end":{"line":63,"column":54}},"17":{"start":{"line":65,"column":12},"end":{"line":89,"column":18}},"18":{"start":{"line":68,"column":18},"end":{"line":68,"column":38}},"19":{"start":{"line":69,"column":18},"end":{"line":69,"column":35}},"20":{"start":{"line":98,"column":28},"end":{"line":98,"column":49}},"21":{"start":{"line":99,"column":31},"end":{"line":99,"column":64}},"22":{"start":{"line":101,"column":12},"end":{"line":124,"column":18}},"23":{"start":{"line":104,"column":18},"end":{"line":104,"column":38}}},"fnMap":{"0":{"name":"(anonymous_0)","decl":{"start":{"line":6,"column":18},"end":{"line":6,"column":19}},"loc":{"start":{"line":6,"column":24},"end":{"line":131,"column":1}},"line":6},"1":{"name":"(anonymous_1)","decl":{"start":{"line":12,"column":22},"end":{"line":12,"column":23}},"loc":{"start":{"line":12,"column":32},"end":{"line":14,"column":3}},"line":12},"2":{"name":"(anonymous_2)","decl":{"start":{"line":16,"column":18},"end":{"line":16,"column":19}},"loc":{"start":{"line":16,"column":24},"end":{"line":18,"column":3}},"line":16},"3":{"name":"(anonymous_3)","decl":{"start":{"line":27,"column":18},"end":{"line":27,"column":19}},"loc":{"start":{"line":27,"column":28},"end":{"line":27,"column":49}},"line":27},"4":{"name":"(anonymous_4)","decl":{"start":{"line":28,"column":18},"end":{"line":28,"column":19}},"loc":{"start":{"line":28,"column":25},"end":{"line":28,"column":55}},"line":28},"5":{"name":"(anonymous_5)","decl":{"start":{"line":29,"column":15},"end":{"line":29,"column":16}},"loc":{"start":{"line":30,"column":12},"end":{"line":54,"column":18}},"line":30},"6":{"name":"(anonymous_6)","decl":{"start":{"line":32,"column":25},"end":{"line":32,"column":26}},"loc":{"start":{"line":32,"column":31},"end":{"line":35,"column":17}},"line":32},"7":{"name":"(anonymous_7)","decl":{"start":{"line":62,"column":18},"end":{"line":62,"column":19}},"loc":{"start":{"line":62,"column":28},"end":{"line":62,"column":49}},"line":62},"8":{"name":"(anonymous_8)","decl":{"start":{"line":63,"column":18},"end":{"line":63,"column":19}},"loc":{"start":{"line":63,"column":25},"end":{"line":63,"column":54}},"line":63},"9":{"name":"(anonymous_9)","decl":{"start":{"line":64,"column":15},"end":{"line":64,"column":16}},"loc":{"start":{"line":65,"column":12},"end":{"line":89,"column":18}},"line":65},"10":{"name":"(anonymous_10)","decl":{"start":{"line":67,"column":25},"end":{"line":67,"column":26}},"loc":{"start":{"line":67,"column":31},"end":{"line":70,"column":17}},"line":67},"11":{"name":"(anonymous_11)","decl":{"start":{"line":98,"column":18},"end":{"line":98,"column":19}},"loc":{"start":{"line":98,"column":28},"end":{"line":98,"column":49}},"line":98},"12":{"name":"(anonymous_12)","decl":{"start":{"line":99,"column":18},"end":{"line":99,"column":19}},"loc":{"start":{"line":99,"column":31},"end":{"line":99,"column":64}},"line":99},"13":{"name":"(anonymous_13)","decl":{"start":{"line":100,"column":15},"end":{"line":100,"column":16}},"loc":{"start":{"line":101,"column":12},"end":{"line":124,"column":18}},"line":101},"14":{"name":"(anonymous_14)","decl":{"start":{"line":103,"column":25},"end":{"line":103,"column":26}},"loc":{"start":{"line":103,"column":31},"end":{"line":105,"column":17}},"line":103}},"branchMap":{"0":{"loc":{"start":{"line":93,"column":7},"end":{"line":93,"column":51}},"type":"cond-expr","locations":[{"start":{"line":93,"column":20},"end":{"line":93,"column":38}},{"start":{"line":93,"column":42},"end":{"line":93,"column":51}}],"line":93}},"s":{"0":0,"1":0,"2":0,"3":0,"4":0,"5":0,"6":0,"7":0,"8":0,"9":0,"10":0,"11":0,"12":0,"13":0,"14":0,"15":0,"16":0,"17":0,"18":0,"19":0,"20":0,"21":0,"22":0,"23":0},"f":{"0":0,"1":0,"2":0,"3":0,"4":0,"5":0,"6":0,"7":0,"8":0,"9":0,"10":0,"11":0,"12":0,"13":0,"14":0},"b":{"0":[0,0]}}
,"/Users/danicastro/SCL018-burger-queen/src/components/Mesero.jsx": {"path":"/Users/danicastro/SCL018-burger-queen/src/components/Mesero.jsx","statementMap":{"0":{"start":{"line":8,"column":15},"end":{"line":86,"column":1}},"1":{"start":{"line":9,"column":34},"end":{"line":9,"column":63}},"2":{"start":{"line":11,"column":38},"end":{"line":11,"column":61}},"3":{"start":{"line":13,"column":22},"end":{"line":15,"column":3}},"4":{"start":{"line":14,"column":4},"end":{"line":14,"column":24}},"5":{"start":{"line":17,"column":2},"end":{"line":85,"column":4}},"6":{"start":{"line":28,"column":31},"end":{"line":28,"column":48}},"7":{"start":{"line":34,"column":31},"end":{"line":34,"column":49}},"8":{"start":{"line":57,"column":18},"end":{"line":57,"column":66}},"9":{"start":{"line":68,"column":18},"end":{"line":68,"column":67}}},"fnMap":{"0":{"name":"(anonymous_0)","decl":{"start":{"line":8,"column":15},"end":{"line":8,"column":16}},"loc":{"start":{"line":8,"column":21},"end":{"line":86,"column":1}},"line":8},"1":{"name":"(anonymous_1)","decl":{"start":{"line":13,"column":22},"end":{"line":13,"column":23}},"loc":{"start":{"line":13,"column":32},"end":{"line":15,"column":3}},"line":13},"2":{"name":"(anonymous_2)","decl":{"start":{"line":28,"column":25},"end":{"line":28,"column":26}},"loc":{"start":{"line":28,"column":31},"end":{"line":28,"column":48}},"line":28},"3":{"name":"(anonymous_3)","decl":{"start":{"line":34,"column":25},"end":{"line":34,"column":26}},"loc":{"start":{"line":34,"column":31},"end":{"line":34,"column":49}},"line":34},"4":{"name":"(anonymous_4)","decl":{"start":{"line":56,"column":26},"end":{"line":56,"column":27}},"loc":{"start":{"line":57,"column":18},"end":{"line":57,"column":66}},"line":57},"5":{"name":"(anonymous_5)","decl":{"start":{"line":67,"column":26},"end":{"line":67,"column":27}},"loc":{"start":{"line":68,"column":18},"end":{"line":68,"column":67}},"line":68}},"branchMap":{"0":{"loc":{"start":{"line":80,"column":9},"end":{"line":80,"column":52}},"type":"cond-expr","locations":[{"start":{"line":80,"column":22},"end":{"line":80,"column":36}},{"start":{"line":80,"column":39},"end":{"line":80,"column":52}}],"line":80}},"s":{"0":0,"1":0,"2":0,"3":0,"4":0,"5":0,"6":0,"7":0,"8":0,"9":0},"f":{"0":0,"1":0,"2":0,"3":0,"4":0,"5":0},"b":{"0":[0,0]}}
,"/Users/danicastro/SCL018-burger-queen/src/components/ModalConfirm.jsx": {"path":"/Users/danicastro/SCL018-burger-queen/src/components/ModalConfirm.jsx","statementMap":{"0":{"start":{"line":5,"column":21},"end":{"line":74,"column":1}},"1":{"start":{"line":7,"column":54},"end":{"line":7,"column":83}},"2":{"start":{"line":9,"column":19},"end":{"line":9,"column":53}},"3":{"start":{"line":11,"column":22},"end":{"line":15,"column":3}},"4":{"start":{"line":12,"column":4},"end":{"line":12,"column":38}},"5":{"start":{"line":13,"column":4},"end":{"line":13,"column":36}},"6":{"start":{"line":14,"column":4},"end":{"line":14,"column":25}},"7":{"start":{"line":17,"column":2},"end":{"line":73,"column":4}}},"fnMap":{"0":{"name":"(anonymous_0)","decl":{"start":{"line":5,"column":21},"end":{"line":5,"column":22}},"loc":{"start":{"line":5,"column":27},"end":{"line":74,"column":1}},"line":5},"1":{"name":"(anonymous_1)","decl":{"start":{"line":11,"column":22},"end":{"line":11,"column":23}},"loc":{"start":{"line":11,"column":28},"end":{"line":15,"column":3}},"line":11}},"branchMap":{"0":{"loc":{"start":{"line":18,"column":21},"end":{"line":18,"column":188}},"type":"cond-expr","locations":[{"start":{"line":18,"column":35},"end":{"line":18,"column":109}},{"start":{"line":18,"column":112},"end":{"line":18,"column":188}}],"line":18}},"s":{"0":0,"1":0,"2":0,"3":0,"4":0,"5":0,"6":0,"7":0},"f":{"0":0,"1":0},"b":{"0":[0,0]}}
,"/Users/danicastro/SCL018-burger-queen/src/components/NavBar.jsx": {"path":"/Users/danicastro/SCL018-burger-queen/src/components/NavBar.jsx","statementMap":{"0":{"start":{"line":9,"column":15},"end":{"line":51,"column":1}},"1":{"start":{"line":10,"column":2},"end":{"line":50,"column":4}}},"fnMap":{"0":{"name":"(anonymous_0)","decl":{"start":{"line":9,"column":15},"end":{"line":9,"column":16}},"loc":{"start":{"line":9,"column":28},"end":{"line":51,"column":1}},"line":9}},"branchMap":{},"s":{"0":0,"1":0},"f":{"0":0},"b":{}}
,"/Users/danicastro/SCL018-burger-queen/src/components/OrderReady.jsx": {"path":"/Users/danicastro/SCL018-burger-queen/src/components/OrderReady.jsx","statementMap":{"0":{"start":{"line":6,"column":19},"end":{"line":77,"column":1}},"1":{"start":{"line":7,"column":33},"end":{"line":7,"column":62}},"2":{"start":{"line":9,"column":26},"end":{"line":9,"column":73}},"3":{"start":{"line":9,"column":49},"end":{"line":9,"column":72}},"4":{"start":{"line":11,"column":22},"end":{"line":20,"column":4}},"5":{"start":{"line":12,"column":4},"end":{"line":14,"column":5}},"6":{"start":{"line":13,"column":6},"end":{"line":13,"column":15}},"7":{"start":{"line":15,"column":4},"end":{"line":17,"column":5}},"8":{"start":{"line":16,"column":6},"end":{"line":16,"column":16}},"9":{"start":{"line":19,"column":4},"end":{"line":19,"column":13}},"10":{"start":{"line":22,"column":2},"end":{"line":76,"column":4}},"11":{"start":{"line":28,"column":8},"end":{"line":72,"column":14}},"12":{"start":{"line":50,"column":12},"end":{"line":59,"column":18}},"13":{"start":{"line":52,"column":16},"end":{"line":57,"column":22}},"14":{"start":{"line":65,"column":29},"end":{"line":65,"column":58}}},"fnMap":{"0":{"name":"(anonymous_0)","decl":{"start":{"line":6,"column":19},"end":{"line":6,"column":20}},"loc":{"start":{"line":6,"column":25},"end":{"line":77,"column":1}},"line":6},"1":{"name":"(anonymous_1)","decl":{"start":{"line":9,"column":39},"end":{"line":9,"column":40}},"loc":{"start":{"line":9,"column":49},"end":{"line":9,"column":72}},"line":9},"2":{"name":"(anonymous_2)","decl":{"start":{"line":11,"column":43},"end":{"line":11,"column":44}},"loc":{"start":{"line":11,"column":53},"end":{"line":20,"column":3}},"line":11},"3":{"name":"(anonymous_3)","decl":{"start":{"line":27,"column":25},"end":{"line":27,"column":26}},"loc":{"start":{"line":28,"column":8},"end":{"line":72,"column":14}},"line":28},"4":{"name":"(anonymous_4)","decl":{"start":{"line":49,"column":28},"end":{"line":49,"column":29}},"loc":{"start":{"line":50,"column":12},"end":{"line":59,"column":18}},"line":50},"5":{"name":"(anonymous_5)","decl":{"start":{"line":51,"column":23},"end":{"line":51,"column":24}},"loc":{"start":{"line":52,"column":16},"end":{"line":57,"column":22}},"line":52},"6":{"name":"(anonymous_6)","decl":{"start":{"line":65,"column":23},"end":{"line":65,"column":24}},"loc":{"start":{"line":65,"column":29},"end":{"line":65,"column":58}},"line":65}},"branchMap":{"0":{"loc":{"start":{"line":12,"column":4},"end":{"line":14,"column":5}},"type":"if","locations":[{"start":{"line":12,"column":4},"end":{"line":14,"column":5}},{"start":{},"end":{}}],"line":12},"1":{"loc":{"start":{"line":15,"column":4},"end":{"line":17,"column":5}},"type":"if","locations":[{"start":{"line":15,"column":4},"end":{"line":17,"column":5}},{"start":{},"end":{}}],"line":15}},"s":{"0":0,"1":0,"2":0,"3":0,"4":0,"5":0,"6":0,"7":0,"8":0,"9":0,"10":0,"11":0,"12":0,"13":0,"14":0},"f":{"0":0,"1":0,"2":0,"3":0,"4":0,"5":0,"6":0},"b":{"0":[0,0],"1":[0,0]}}
,"/Users/danicastro/SCL018-burger-queen/src/components/Orders.jsx": {"path":"/Users/danicastro/SCL018-burger-queen/src/components/Orders.jsx","statementMap":{"0":{"start":{"line":5,"column":15},"end":{"line":82,"column":1}},"1":{"start":{"line":6,"column":31},"end":{"line":6,"column":60}},"2":{"start":{"line":8,"column":19},"end":{"line":8,"column":68}},"3":{"start":{"line":8,"column":40},"end":{"line":8,"column":67}},"4":{"start":{"line":9,"column":20},"end":{"line":9,"column":70}},"5":{"start":{"line":9,"column":41},"end":{"line":9,"column":69}},"6":{"start":{"line":10,"column":28},"end":{"line":10,"column":49}},"7":{"start":{"line":12,"column":24},"end":{"line":21,"column":6}},"8":{"start":{"line":13,"column":6},"end":{"line":15,"column":7}},"9":{"start":{"line":14,"column":8},"end":{"line":14,"column":17}},"10":{"start":{"line":16,"column":6},"end":{"line":18,"column":7}},"11":{"start":{"line":17,"column":8},"end":{"line":17,"column":18}},"12":{"start":{"line":20,"column":6},"end":{"line":20,"column":15}},"13":{"start":{"line":24,"column":2},"end":{"line":81,"column":4}},"14":{"start":{"line":29,"column":8},"end":{"line":77,"column":14}},"15":{"start":{"line":47,"column":14},"end":{"line":58,"column":20}},"16":{"start":{"line":50,"column":18},"end":{"line":52,"column":24}},"17":{"start":{"line":65,"column":29},"end":{"line":65,"column":56}},"18":{"start":{"line":72,"column":29},"end":{"line":72,"column":61}}},"fnMap":{"0":{"name":"(anonymous_0)","decl":{"start":{"line":5,"column":15},"end":{"line":5,"column":16}},"loc":{"start":{"line":5,"column":21},"end":{"line":82,"column":1}},"line":5},"1":{"name":"(anonymous_1)","decl":{"start":{"line":8,"column":32},"end":{"line":8,"column":33}},"loc":{"start":{"line":8,"column":40},"end":{"line":8,"column":67}},"line":8},"2":{"name":"(anonymous_2)","decl":{"start":{"line":9,"column":33},"end":{"line":9,"column":34}},"loc":{"start":{"line":9,"column":41},"end":{"line":9,"column":69}},"line":9},"3":{"name":"(anonymous_3)","decl":{"start":{"line":12,"column":45},"end":{"line":12,"column":46}},"loc":{"start":{"line":12,"column":55},"end":{"line":21,"column":5}},"line":12},"4":{"name":"(anonymous_4)","decl":{"start":{"line":28,"column":25},"end":{"line":28,"column":26}},"loc":{"start":{"line":29,"column":8},"end":{"line":77,"column":14}},"line":29},"5":{"name":"(anonymous_5)","decl":{"start":{"line":46,"column":29},"end":{"line":46,"column":30}},"loc":{"start":{"line":47,"column":14},"end":{"line":58,"column":20}},"line":47},"6":{"name":"(anonymous_6)","decl":{"start":{"line":49,"column":24},"end":{"line":49,"column":25}},"loc":{"start":{"line":50,"column":18},"end":{"line":52,"column":24}},"line":50},"7":{"name":"(anonymous_7)","decl":{"start":{"line":65,"column":23},"end":{"line":65,"column":24}},"loc":{"start":{"line":65,"column":29},"end":{"line":65,"column":56}},"line":65},"8":{"name":"(anonymous_8)","decl":{"start":{"line":72,"column":23},"end":{"line":72,"column":24}},"loc":{"start":{"line":72,"column":29},"end":{"line":72,"column":61}},"line":72}},"branchMap":{"0":{"loc":{"start":{"line":13,"column":6},"end":{"line":15,"column":7}},"type":"if","locations":[{"start":{"line":13,"column":6},"end":{"line":15,"column":7}},{"start":{},"end":{}}],"line":13},"1":{"loc":{"start":{"line":16,"column":6},"end":{"line":18,"column":7}},"type":"if","locations":[{"start":{"line":16,"column":6},"end":{"line":18,"column":7}},{"start":{},"end":{}}],"line":16},"2":{"loc":{"start":{"line":32,"column":12},"end":{"line":34,"column":85}},"type":"cond-expr","locations":[{"start":{"line":33,"column":16},"end":{"line":33,"column":83}},{"start":{"line":34,"column":16},"end":{"line":34,"column":85}}],"line":32},"3":{"loc":{"start":{"line":74,"column":15},"end":{"line":74,"column":63}},"type":"cond-expr","locations":[{"start":{"line":74,"column":46},"end":{"line":74,"column":50}},{"start":{"line":74,"column":53},"end":{"line":74,"column":63}}],"line":74}},"s":{"0":0,"1":0,"2":0,"3":0,"4":0,"5":0,"6":0,"7":0,"8":0,"9":0,"10":0,"11":0,"12":0,"13":0,"14":0,"15":0,"16":0,"17":0,"18":0},"f":{"0":0,"1":0,"2":0,"3":0,"4":0,"5":0,"6":0,"7":0,"8":0},"b":{"0":[0,0],"1":[0,0],"2":[0,0],"3":[0,0]}}
,"/Users/danicastro/SCL018-burger-queen/src/components/Registro.jsx": {"path":"/Users/danicastro/SCL018-burger-queen/src/components/Registro.jsx","statementMap":{"0":{"start":{"line":4,"column":17},"end":{"line":64,"column":1}},"1":{"start":{"line":5,"column":2},"end":{"line":63,"column":7}}},"fnMap":{"0":{"name":"(anonymous_0)","decl":{"start":{"line":4,"column":17},"end":{"line":4,"column":18}},"loc":{"start":{"line":4,"column":23},"end":{"line":64,"column":1}},"line":4}},"branchMap":{},"s":{"0":0,"1":0},"f":{"0":0},"b":{}}
,"/Users/danicastro/SCL018-burger-queen/src/components/Roles.jsx": {"path":"/Users/danicastro/SCL018-burger-queen/src/components/Roles.jsx","statementMap":{"0":{"start":{"line":7,"column":14},"end":{"line":28,"column":1}},"1":{"start":{"line":8,"column":2},"end":{"line":27,"column":9}}},"fnMap":{"0":{"name":"(anonymous_0)","decl":{"start":{"line":7,"column":14},"end":{"line":7,"column":15}},"loc":{"start":{"line":7,"column":20},"end":{"line":28,"column":1}},"line":7}},"branchMap":{},"s":{"0":0,"1":0},"f":{"0":0},"b":{}}
,"/Users/danicastro/SCL018-burger-queen/src/context/UserProvider.js": {"path":"/Users/danicastro/SCL018-burger-queen/src/context/UserProvider.js","statementMap":{"0":{"start":{"line":13,"column":27},"end":{"line":13,"column":48}},"1":{"start":{"line":15,"column":21},"end":{"line":287,"column":1}},"2":{"start":{"line":18,"column":18},"end":{"line":21,"column":5}},"3":{"start":{"line":25,"column":30},"end":{"line":25,"column":51}},"4":{"start":{"line":26,"column":28},"end":{"line":26,"column":46}},"5":{"start":{"line":27,"column":26},"end":{"line":27,"column":44}},"6":{"start":{"line":28,"column":36},"end":{"line":28,"column":57}},"7":{"start":{"line":29,"column":26},"end":{"line":29,"column":46}},"8":{"start":{"line":30,"column":38},"end":{"line":30,"column":59}},"9":{"start":{"line":31,"column":30},"end":{"line":31,"column":51}},"10":{"start":{"line":36,"column":19},"end":{"line":42,"column":1}},"11":{"start":{"line":43,"column":24},"end":{"line":43,"column":50}},"12":{"start":{"line":44,"column":28},"end":{"line":44,"column":44}},"13":{"start":{"line":45,"column":28},"end":{"line":45,"column":45}},"14":{"start":{"line":49,"column":14},"end":{"line":53,"column":1}},"15":{"start":{"line":50,"column":2},"end":{"line":50,"column":8}},"16":{"start":{"line":51,"column":2},"end":{"line":51,"column":14}},"17":{"start":{"line":52,"column":2},"end":{"line":52,"column":33}},"18":{"start":{"line":55,"column":13},"end":{"line":58,"column":1}},"19":{"start":{"line":56,"column":3},"end":{"line":56,"column":24}},"20":{"start":{"line":57,"column":2},"end":{"line":57,"column":15}},"21":{"start":{"line":60,"column":15},"end":{"line":62,"column":1}},"22":{"start":{"line":61,"column":1},"end":{"line":61,"column":8}},"23":{"start":{"line":64,"column":14},"end":{"line":69,"column":1}},"24":{"start":{"line":65,"column":2},"end":{"line":65,"column":23}},"25":{"start":{"line":66,"column":2},"end":{"line":66,"column":15}},"26":{"start":{"line":67,"column":2},"end":{"line":67,"column":21}},"27":{"start":{"line":71,"column":15},"end":{"line":71,"column":22}},"28":{"start":{"line":71,"column":34},"end":{"line":71,"column":40}},"29":{"start":{"line":71,"column":52},"end":{"line":71,"column":58}},"30":{"start":{"line":71,"column":70},"end":{"line":71,"column":76}},"31":{"start":{"line":71,"column":88},"end":{"line":71,"column":94}},"32":{"start":{"line":73,"column":12},"end":{"line":97,"column":1}},"33":{"start":{"line":74,"column":2},"end":{"line":77,"column":3}},"34":{"start":{"line":75,"column":4},"end":{"line":75,"column":14}},"35":{"start":{"line":76,"column":4},"end":{"line":76,"column":14}},"36":{"start":{"line":79,"column":2},"end":{"line":82,"column":3}},"37":{"start":{"line":80,"column":4},"end":{"line":80,"column":14}},"38":{"start":{"line":81,"column":4},"end":{"line":81,"column":15}},"39":{"start":{"line":83,"column":2},"end":{"line":86,"column":3}},"40":{"start":{"line":84,"column":4},"end":{"line":84,"column":14}},"41":{"start":{"line":85,"column":4},"end":{"line":85,"column":14}},"42":{"start":{"line":87,"column":2},"end":{"line":90,"column":3}},"43":{"start":{"line":88,"column":4},"end":{"line":88,"column":14}},"44":{"start":{"line":89,"column":4},"end":{"line":89,"column":15}},"45":{"start":{"line":91,"column":2},"end":{"line":91,"column":13}},"46":{"start":{"line":93,"column":16},"end":{"line":95,"column":3}},"47":{"start":{"line":96,"column":2},"end":{"line":96,"column":24}},"48":{"start":{"line":110,"column":20},"end":{"line":116,"column":3}},"49":{"start":{"line":111,"column":4},"end":{"line":115,"column":5}},"50":{"start":{"line":112,"column":4},"end":{"line":112,"column":24}},"51":{"start":{"line":114,"column":6},"end":{"line":114,"column":27}},"52":{"start":{"line":120,"column":21},"end":{"line":122,"column":3}},"53":{"start":{"line":121,"column":4},"end":{"line":121,"column":16}},"54":{"start":{"line":125,"column":19},"end":{"line":128,"column":2}},"55":{"start":{"line":126,"column":22},"end":{"line":126,"column":63}},"56":{"start":{"line":126,"column":46},"end":{"line":126,"column":62}},"57":{"start":{"line":127,"column":4},"end":{"line":127,"column":24}},"58":{"start":{"line":131,"column":20},"end":{"line":131,"column":74}},"59":{"start":{"line":131,"column":43},"end":{"line":131,"column":72}},"60":{"start":{"line":132,"column":17},"end":{"line":132,"column":78}},"61":{"start":{"line":132,"column":50},"end":{"line":132,"column":78}},"62":{"start":{"line":133,"column":16},"end":{"line":133,"column":45}},"63":{"start":{"line":139,"column":17},"end":{"line":142,"column":2}},"64":{"start":{"line":140,"column":19},"end":{"line":140,"column":94}},"65":{"start":{"line":140,"column":38},"end":{"line":140,"column":93}},"66":{"start":{"line":141,"column":5},"end":{"line":141,"column":21}},"67":{"start":{"line":144,"column":23},"end":{"line":157,"column":3}},"68":{"start":{"line":145,"column":20},"end":{"line":150,"column":5}},"69":{"start":{"line":152,"column":4},"end":{"line":155,"column":5}},"70":{"start":{"line":152,"column":27},"end":{"line":152,"column":47}},"71":{"start":{"line":153,"column":5},"end":{"line":153,"column":22}},"72":{"start":{"line":154,"column":6},"end":{"line":154,"column":12}},"73":{"start":{"line":156,"column":8},"end":{"line":156,"column":39}},"74":{"start":{"line":159,"column":16},"end":{"line":162,"column":2}},"75":{"start":{"line":160,"column":19},"end":{"line":160,"column":94}},"76":{"start":{"line":160,"column":38},"end":{"line":160,"column":93}},"77":{"start":{"line":161,"column":5},"end":{"line":161,"column":21}},"78":{"start":{"line":167,"column":20},"end":{"line":170,"column":3}},"79":{"start":{"line":168,"column":4},"end":{"line":168,"column":17}},"80":{"start":{"line":169,"column":4},"end":{"line":169,"column":21}},"81":{"start":{"line":172,"column":21},"end":{"line":206,"column":3}},"82":{"start":{"line":173,"column":4},"end":{"line":173,"column":23}},"83":{"start":{"line":174,"column":17},"end":{"line":174,"column":27}},"84":{"start":{"line":175,"column":17},"end":{"line":175,"column":79}},"85":{"start":{"line":176,"column":4},"end":{"line":184,"column":5}},"86":{"start":{"line":177,"column":6},"end":{"line":177,"column":50}},"87":{"start":{"line":178,"column":6},"end":{"line":178,"column":58}},"88":{"start":{"line":179,"column":6},"end":{"line":179,"column":13}},"89":{"start":{"line":180,"column":11},"end":{"line":184,"column":5}},"90":{"start":{"line":181,"column":6},"end":{"line":181,"column":42}},"91":{"start":{"line":182,"column":6},"end":{"line":182,"column":38}},"92":{"start":{"line":183,"column":6},"end":{"line":183,"column":13}},"93":{"start":{"line":186,"column":4},"end":{"line":205,"column":5}},"94":{"start":{"line":187,"column":23},"end":{"line":195,"column":10}},"95":{"start":{"line":197,"column":8},"end":{"line":197,"column":20}},"96":{"start":{"line":198,"column":8},"end":{"line":198,"column":22}},"97":{"start":{"line":199,"column":8},"end":{"line":199,"column":15}},"98":{"start":{"line":200,"column":8},"end":{"line":200,"column":29}},"99":{"start":{"line":201,"column":8},"end":{"line":201,"column":21}},"100":{"start":{"line":204,"column":8},"end":{"line":204,"column":26}},"101":{"start":{"line":208,"column":2},"end":{"line":220,"column":6}},"102":{"start":{"line":209,"column":4},"end":{"line":218,"column":5}},"103":{"start":{"line":212,"column":23},"end":{"line":214,"column":10}},"104":{"start":{"line":213,"column":10},"end":{"line":213,"column":51}},"105":{"start":{"line":216,"column":8},"end":{"line":216,"column":25}},"106":{"start":{"line":224,"column":22},"end":{"line":233,"column":1}},"107":{"start":{"line":225,"column":4},"end":{"line":225,"column":15}},"108":{"start":{"line":226,"column":4},"end":{"line":232,"column":5}},"109":{"start":{"line":227,"column":6},"end":{"line":229,"column":7}},"110":{"start":{"line":228,"column":8},"end":{"line":228,"column":48}},"111":{"start":{"line":231,"column":8},"end":{"line":231,"column":26}},"112":{"start":{"line":237,"column":18},"end":{"line":248,"column":1}},"113":{"start":{"line":238,"column":2},"end":{"line":238,"column":21}},"114":{"start":{"line":239,"column":2},"end":{"line":247,"column":3}},"115":{"start":{"line":240,"column":26},"end":{"line":240,"column":48}},"116":{"start":{"line":241,"column":2},"end":{"line":243,"column":5}},"117":{"start":{"line":246,"column":4},"end":{"line":246,"column":22}},"118":{"start":{"line":251,"column":20},"end":{"line":279,"column":2}},"119":{"start":{"line":282,"column":0},"end":{"line":286,"column":1}}},"fnMap":{"0":{"name":"(anonymous_0)","decl":{"start":{"line":15,"column":21},"end":{"line":15,"column":22}},"loc":{"start":{"line":15,"column":32},"end":{"line":287,"column":1}},"line":15},"1":{"name":"(anonymous_1)","decl":{"start":{"line":49,"column":14},"end":{"line":49,"column":15}},"loc":{"start":{"line":49,"column":21},"end":{"line":53,"column":1}},"line":49},"2":{"name":"(anonymous_2)","decl":{"start":{"line":55,"column":13},"end":{"line":55,"column":14}},"loc":{"start":{"line":55,"column":20},"end":{"line":58,"column":1}},"line":55},"3":{"name":"(anonymous_3)","decl":{"start":{"line":60,"column":15},"end":{"line":60,"column":16}},"loc":{"start":{"line":60,"column":22},"end":{"line":62,"column":1}},"line":60},"4":{"name":"(anonymous_4)","decl":{"start":{"line":64,"column":14},"end":{"line":64,"column":15}},"loc":{"start":{"line":64,"column":21},"end":{"line":69,"column":1}},"line":64},"5":{"name":"(anonymous_5)","decl":{"start":{"line":73,"column":12},"end":{"line":73,"column":13}},"loc":{"start":{"line":73,"column":18},"end":{"line":97,"column":1}},"line":73},"6":{"name":"(anonymous_6)","decl":{"start":{"line":110,"column":20},"end":{"line":110,"column":21}},"loc":{"start":{"line":110,"column":26},"end":{"line":116,"column":3}},"line":110},"7":{"name":"(anonymous_7)","decl":{"start":{"line":120,"column":21},"end":{"line":120,"column":22}},"loc":{"start":{"line":120,"column":27},"end":{"line":122,"column":3}},"line":120},"8":{"name":"(anonymous_8)","decl":{"start":{"line":125,"column":19},"end":{"line":125,"column":20}},"loc":{"start":{"line":125,"column":29},"end":{"line":128,"column":2}},"line":125},"9":{"name":"(anonymous_9)","decl":{"start":{"line":126,"column":36},"end":{"line":126,"column":37}},"loc":{"start":{"line":126,"column":46},"end":{"line":126,"column":62}},"line":126},"10":{"name":"(anonymous_10)","decl":{"start":{"line":131,"column":31},"end":{"line":131,"column":32}},"loc":{"start":{"line":131,"column":43},"end":{"line":131,"column":72}},"line":131},"11":{"name":"(anonymous_11)","decl":{"start":{"line":132,"column":17},"end":{"line":132,"column":18}},"loc":{"start":{"line":132,"column":50},"end":{"line":132,"column":78}},"line":132},"12":{"name":"(anonymous_12)","decl":{"start":{"line":139,"column":17},"end":{"line":139,"column":18}},"loc":{"start":{"line":139,"column":25},"end":{"line":142,"column":2}},"line":139},"13":{"name":"(anonymous_13)","decl":{"start":{"line":140,"column":30},"end":{"line":140,"column":31}},"loc":{"start":{"line":140,"column":38},"end":{"line":140,"column":93}},"line":140},"14":{"name":"(anonymous_14)","decl":{"start":{"line":144,"column":23},"end":{"line":144,"column":24}},"loc":{"start":{"line":144,"column":34},"end":{"line":157,"column":3}},"line":144},"15":{"name":"(anonymous_15)","decl":{"start":{"line":152,"column":19},"end":{"line":152,"column":20}},"loc":{"start":{"line":152,"column":27},"end":{"line":152,"column":47}},"line":152},"16":{"name":"(anonymous_16)","decl":{"start":{"line":159,"column":16},"end":{"line":159,"column":17}},"loc":{"start":{"line":159,"column":24},"end":{"line":162,"column":2}},"line":159},"17":{"name":"(anonymous_17)","decl":{"start":{"line":160,"column":30},"end":{"line":160,"column":31}},"loc":{"start":{"line":160,"column":38},"end":{"line":160,"column":93}},"line":160},"18":{"name":"(anonymous_18)","decl":{"start":{"line":167,"column":20},"end":{"line":167,"column":21}},"loc":{"start":{"line":167,"column":26},"end":{"line":170,"column":3}},"line":167},"19":{"name":"(anonymous_19)","decl":{"start":{"line":172,"column":21},"end":{"line":172,"column":22}},"loc":{"start":{"line":172,"column":34},"end":{"line":206,"column":3}},"line":172},"20":{"name":"(anonymous_20)","decl":{"start":{"line":208,"column":18},"end":{"line":208,"column":19}},"loc":{"start":{"line":208,"column":24},"end":{"line":220,"column":1}},"line":208},"21":{"name":"(anonymous_21)","decl":{"start":{"line":211,"column":6},"end":{"line":211,"column":7}},"loc":{"start":{"line":211,"column":20},"end":{"line":217,"column":7}},"line":211},"22":{"name":"(anonymous_22)","decl":{"start":{"line":212,"column":41},"end":{"line":212,"column":42}},"loc":{"start":{"line":212,"column":52},"end":{"line":214,"column":9}},"line":212},"23":{"name":"(anonymous_23)","decl":{"start":{"line":224,"column":22},"end":{"line":224,"column":23}},"loc":{"start":{"line":224,"column":44},"end":{"line":233,"column":1}},"line":224},"24":{"name":"(anonymous_24)","decl":{"start":{"line":237,"column":18},"end":{"line":237,"column":19}},"loc":{"start":{"line":237,"column":40},"end":{"line":248,"column":1}},"line":237}},"branchMap":{"0":{"loc":{"start":{"line":74,"column":2},"end":{"line":77,"column":3}},"type":"if","locations":[{"start":{"line":74,"column":2},"end":{"line":77,"column":3}},{"start":{},"end":{}}],"line":74},"1":{"loc":{"start":{"line":79,"column":2},"end":{"line":82,"column":3}},"type":"if","locations":[{"start":{"line":79,"column":2},"end":{"line":82,"column":3}},{"start":{},"end":{}}],"line":79},"2":{"loc":{"start":{"line":83,"column":2},"end":{"line":86,"column":3}},"type":"if","locations":[{"start":{"line":83,"column":2},"end":{"line":86,"column":3}},{"start":{},"end":{}}],"line":83},"3":{"loc":{"start":{"line":87,"column":2},"end":{"line":90,"column":3}},"type":"if","locations":[{"start":{"line":87,"column":2},"end":{"line":90,"column":3}},{"start":{},"end":{}}],"line":87},"4":{"loc":{"start":{"line":111,"column":4},"end":{"line":115,"column":5}},"type":"if","locations":[{"start":{"line":111,"column":4},"end":{"line":115,"column":5}},{"start":{"line":113,"column":9},"end":{"line":115,"column":5}}],"line":111},"5":{"loc":{"start":{"line":140,"column":38},"end":{"line":140,"column":93}},"type":"cond-expr","locations":[{"start":{"line":140,"column":55},"end":{"line":140,"column":86}},{"start":{"line":140,"column":89},"end":{"line":140,"column":93}}],"line":140},"6":{"loc":{"start":{"line":152,"column":4},"end":{"line":155,"column":5}},"type":"if","locations":[{"start":{"line":152,"column":4},"end":{"line":155,"column":5}},{"start":{},"end":{}}],"line":152},"7":{"loc":{"start":{"line":160,"column":38},"end":{"line":160,"column":93}},"type":"cond-expr","locations":[{"start":{"line":160,"column":55},"end":{"line":160,"column":86}},{"start":{"line":160,"column":89},"end":{"line":160,"column":93}}],"line":160},"8":{"loc":{"start":{"line":176,"column":4},"end":{"line":184,"column":5}},"type":"if","locations":[{"start":{"line":176,"column":4},"end":{"line":184,"column":5}},{"start":{"line":180,"column":11},"end":{"line":184,"column":5}}],"line":176},"9":{"loc":{"start":{"line":180,"column":11},"end":{"line":184,"column":5}},"type":"if","locations":[{"start":{"line":180,"column":11},"end":{"line":184,"column":5}},{"start":{},"end":{}}],"line":180},"10":{"loc":{"start":{"line":227,"column":6},"end":{"line":229,"column":7}},"type":"if","locations":[{"start":{"line":227,"column":6},"end":{"line":229,"column":7}},{"start":{},"end":{}}],"line":227}},"s":{"0":0,"1":0,"2":0,"3":0,"4":0,"5":0,"6":0,"7":0,"8":0,"9":0,"10":0,"11":0,"12":0,"13":0,"14":0,"15":0,"16":0,"17":0,"18":0,"19":0,"20":0,"21":0,"22":0,"23":0,"24":0,"25":0,"26":0,"27":0,"28":0,"29":0,"30":0,"31":0,"32":0,"33":0,"34":0,"35":0,"36":0,"37":0,"38":0,"39":0,"40":0,"41":0,"42":0,"43":0,"44":0,"45":0,"46":0,"47":0,"48":0,"49":0,"50":0,"51":0,"52":0,"53":0,"54":0,"55":0,"56":0,"57":0,"58":0,"59":0,"60":0,"61":0,"62":0,"63":0,"64":0,"65":0,"66":0,"67":0,"68":0,"69":0,"70":0,"71":0,"72":0,"73":0,"74":0,"75":0,"76":0,"77":0,"78":0,"79":0,"80":0,"81":0,"82":0,"83":0,"84":0,"85":0,"86":0,"87":0,"88":0,"89":0,"90":0,"91":0,"92":0,"93":0,"94":0,"95":0,"96":0,"97":0,"98":0,"99":0,"100":0,"101":0,"102":0,"103":0,"104":0,"105":0,"106":0,"107":0,"108":0,"109":0,"110":0,"111":0,"112":0,"113":0,"114":0,"115":0,"116":0,"117":0,"118":0,"119":0},"f":{"0":0,"1":0,"2":0,"3":0,"4":0,"5":0,"6":0,"7":0,"8":0,"9":0,"10":0,"11":0,"12":0,"13":0,"14":0,"15":0,"16":0,"17":0,"18":0,"19":0,"20":0,"21":0,"22":0,"23":0,"24":0},"b":{"0":[0,0],"1":[0,0],"2":[0,0],"3":[0,0],"4":[0,0],"5":[0,0],"6":[0,0],"7":[0,0],"8":[0,0],"9":[0,0],"10":[0,0]}}
}
